0 info it worked if it ends with ok
1 verbose cli [ '/usr/local/Cellar/node/0.10.29/bin/node',
1 verbose cli   '/usr/local/bin/npm',
1 verbose cli   'publish' ]
2 info using npm@3.10.6
3 info using node@v5.8.0
4 verbose publish [ '.' ]
5 silly cache add args [ '.', null ]
6 verbose cache add spec .
7 silly cache add parsed spec Result {
7 silly cache add   raw: '.',
7 silly cache add   scope: null,
7 silly cache add   escapedName: null,
7 silly cache add   name: null,
7 silly cache add   rawSpec: '.',
7 silly cache add   spec: '/Users/zguillez/Documents/SVN/YEOMAN/generator-symfonangular',
7 silly cache add   type: 'directory' }
8 verbose addLocalDirectory /Users/zguillez/.npm/generator-symfonangular/2.4.1/package.tgz not in flight; packing
9 verbose correctMkdir /Users/zguillez/.npm correctMkdir not in flight; initializing
10 info lifecycle generator-symfonangular@2.4.1~prepublish: generator-symfonangular@2.4.1
11 verbose lifecycle generator-symfonangular@2.4.1~prepublish: unsafe-perm in lifecycle true
12 verbose lifecycle generator-symfonangular@2.4.1~prepublish: PATH: /usr/local/lib/node_modules/npm/bin/node-gyp-bin:/Users/zguillez/Documents/SVN/YEOMAN/generator-symfonangular/node_modules/.bin:/usr/local/Cellar/node/0.10.29/bin:/usr/local/php5/bin:/usr/local/sbin:/usr/local/sbin:/usr/local/sbin:/usr/local/sbin:/usr/local/sbin:/Users/zguillez/.rvm/gems/ruby-2.2.1/bin:/Users/zguillez/.rvm/gems/ruby-2.2.1@global/bin:/Users/zguillez/.rvm/rubies/ruby-2.2.1/bin:/Users/zguillez/.rbenv/shims:/Users/zguillez/.rbenv/shims:/Library/Frameworks/Python.framework/Versions/3.5/bin:/usr/local/bin:/usr/bin:/bin:/usr/sbin:/sbin:/usr/local/git/bin:/Users/zguillez/Documents/Android/sdk/platform-tools:/Users/zguillez/Documents/Android/sdk/tools:/Users/zguillez/.rvm/bin
13 verbose lifecycle generator-symfonangular@2.4.1~prepublish: CWD: /Users/zguillez/Documents/SVN/YEOMAN/generator-symfonangular
14 silly lifecycle generator-symfonangular@2.4.1~prepublish: Args: [ '-c', 'gulp prepublish' ]
15 silly lifecycle generator-symfonangular@2.4.1~prepublish: Returned: code: 0  signal: null
16 verbose tar pack [ '/Users/zguillez/.npm/generator-symfonangular/2.4.1/package.tgz',
16 verbose tar pack   '/Users/zguillez/Documents/SVN/YEOMAN/generator-symfonangular' ]
17 verbose tarball /Users/zguillez/.npm/generator-symfonangular/2.4.1/package.tgz
18 verbose folder /Users/zguillez/Documents/SVN/YEOMAN/generator-symfonangular
19 verbose addLocalTarball adding from inside cache /Users/zguillez/.npm/generator-symfonangular/2.4.1/package.tgz
20 verbose correctMkdir /Users/zguillez/.npm correctMkdir not in flight; initializing
21 silly cache afterAdd generator-symfonangular@2.4.1
22 verbose afterAdd /Users/zguillez/.npm/generator-symfonangular/2.4.1/package/package.json not in flight; writing
23 verbose correctMkdir /Users/zguillez/.npm correctMkdir not in flight; initializing
24 verbose afterAdd /Users/zguillez/.npm/generator-symfonangular/2.4.1/package/package.json written
25 silly publish { name: 'generator-symfonangular',
25 silly publish   version: '2.4.1',
25 silly publish   description: 'PHP Symfony 3 framework with Javascript AngularJS framework integration for full stack development.',
25 silly publish   homepage: '',
25 silly publish   author:
25 silly publish    { name: 'Guillermo de la Iglesia',
25 silly publish      email: 'mail@zguillez.io',
25 silly publish      url: 'https://github.com/zguillez' },
25 silly publish   files: [ 'generators' ],
25 silly publish   main: 'generators/index.js',
25 silly publish   keywords:
25 silly publish    [ 'yeoman-generator',
25 silly publish      'symfony',
25 silly publish      'angularjs',
25 silly publish      'php',
25 silly publish      'javascript',
25 silly publish      'webapp' ],
25 silly publish   dependencies:
25 silly publish    { 'yeoman-generator': '^0.24.1',
25 silly publish      chalk: '^1.1.3',
25 silly publish      yosay: '^1.2.0' },
25 silly publish   devDependencies:
25 silly publish    { 'yeoman-test': '^1.4.0',
25 silly publish      'yeoman-assert': '^2.2.1',
25 silly publish      eslint: '^3.1.1',
25 silly publish      'eslint-config-xo-space': '^0.14.0',
25 silly publish      gulp: '^3.9.1',
25 silly publish      'gulp-eslint': '^3.0.1',
25 silly publish      'gulp-exclude-gitignore': '^1.0.0',
25 silly publish      'gulp-line-ending-corrector': '^1.0.1',
25 silly publish      'gulp-istanbul': '^1.1.0',
25 silly publish      'gulp-mocha': '^3.0.1',
25 silly publish      'gulp-plumber': '^1.1.0',
25 silly publish      'gulp-nsp': '^2.4.2',
25 silly publish      'gulp-coveralls': '^0.1.4',
25 silly publish      bower: '^1.7.9',
25 silly publish      'connect-livereload': '^0.5.4',
25 silly publish      grunt: '^1.0.1',
25 silly publish      'grunt-contrib-clean': '~1.0.0',
25 silly publish      'grunt-contrib-connect': '~1.0.2',
25 silly publish      'grunt-contrib-copy': '~1.0.0',
25 silly publish      'grunt-contrib-sass': '~1.0.0',
25 silly publish      'grunt-contrib-uglify': '~2.0.0',
25 silly publish      'grunt-contrib-watch': '~1.0.0',
25 silly publish      'grunt-php': '~1.5.1',
25 silly publish      'grunt-shell': '~1.3.1',
25 silly publish      'load-grunt-tasks': '^3.5.2' },
25 silly publish   eslintConfig: { extends: 'xo-space', env: { mocha: true } },
25 silly publish   repository: { type: 'git', url: '/generator-symfonangular' },
25 silly publish   scripts: { prepublish: 'gulp prepublish', test: 'gulp' },
25 silly publish   license: 'MIT',
25 silly publish   readme: '# generator-symfonangular\n\n[![npm version](https://badge.fury.io/js/generator-symfonangular.svg)](https://badge.fury.io/js/generator-symfonangular)\n[![Build Status](http://img.shields.io/travis/zguillez/generator-symfonangular.svg)](https://travis-ci.org/zguillez/generator-symfonangular)\n[![Code Climate](http://img.shields.io/codeclimate/github/zguillez/generator-symfonangular.svg)](https://codeclimate.com/github/zguillez/generator-symfonangular)\n[![Dependency Status](https://gemnasium.com/zguillez/generator-symfonangular.svg)](https://gemnasium.com/zguillez/generator-symfonangular)\n[![Installs](https://img.shields.io/npm/dt/generator-symfonangular.svg)](https://coveralls.io/r/zguillez/generator-symfonangular)\n![](https://reposs.herokuapp.com/?path=zguillez/generator-symfonangular)\n[![License](http://img.shields.io/:license-mit-blue.svg)](http://doge.mit-license.org)\n[![Join the chat at https://gitter.im/zguillez/generator-symfonangular](https://badges.gitter.im/zguillez/generator-symfonangular.svg)](https://gitter.im/zguillez/generator-symfonangular?utm_source=badge&utm_medium=badge&utm_campaign=pr-badge&utm_content=badge)\n\n> [Zguillez](https://zguillez.io) | Guillermo de la Iglesia\n\n### Yeoman generator for full stack development with (PHP) Symfony and (Javascript) AngularJS application\n\n![](http://zguillez.github.io/img/symfonangular.png)\n\n## Getting Started\n\n### Install Yeoman\n\n\tnpm install -g yo\n\n### Yeoman Generators\n\nTo install generator-symfonangular from npm, run:\n\n\tnpm install -g generator-symfonangular\n\n\t//or:\n\tsudo npm install -g generator-symfonangular\n\nFinally, initiate the generator: \n\n\tyo symfonangular\n\nIf you have error on install try to update dependences manually:\n\n```bash\nsudo npm update\n```\n\n```bash\nbower update --allow-root\n```\n\n### Install Symfony vendors with Composer\n\nAfter generator install, you will need install Symfony vendor running this command:\n\n\t./composer.phar self-update && ./composer.phar install\n\n## Requeriments\n\n### NodeJS\n\n* [https://nodejs.org/](https://nodejs.org/)\n\nFor update npm\n\n\tsudo npm install npm -g\n\n### Bower\n\n\tnpm install -g bower\n\n### Sass\n\n\tsudo gem install sass\n\n\n## Usage\n\nSymfony routing on file */src/AppBundle/Resources/config/routing.yml*:\n\n\t_home:\n\t    path:     /\n\t    defaults: { _controller: AppBundle:Defaults:index }\n \nAngularJS routing on file */src/AppBundle/Resources/js/init.js*:\n\n\t$routeProvider.when(\'/home/a\', {\n\t    templateUrl: \'modules/slideA.html\',\n\t    controller: \'homeSlideAController\'\n\t  }).when(\'/home/b\', {\n\t    templateUrl: \'modules/slideB.html\',\n\t    controller: \'homeSlideBController\'\n\t  }).when(\'/home/intro\', {\n\t    templateUrl: \'templates/intro.html\',\n\t    controller: \'introController\'\n\t  }).otherwise({\n\t    redirectTo: \'/home/a\'\n\t  });\n\n### AngularJS controllers\nPlace on folder: */src/AppBundle/Resources/js/*\n\n### CSS styles\nPlace on folder: */src/AppBundle/Resources/css/* with .sass or .scss format\n\n### Conpiled files\n\nGrunt **serve** and **build** will compile .sass and .scss files into css files on folder:\n*/src/AppBundle/Resources/public/css*\n\nAnd Javascript files will miminized into folder:\n*/src/AppBundle/Resources/public/js*\n\nSymfony will include this files into template by Assetic mode:\n\n\t{% block stylesheets %}\n\t  <link rel="stylesheet" href="{{ asset(\'lib/css/normalize.css\') }}"/>\n\t  <link rel="stylesheet" href="{{ asset(\'lib/css/animate.min.css\') }}"/>\n\t  <link rel="stylesheet" href="{{ asset(\'lib/css/bootstrap.min.css\') }}"/>\n\t  {% stylesheets\n\t  \'@AppBundle/Resources/public/css/*.css\' filter=\'cssrewrite\' %}\n\t  <link rel="stylesheet" href="{{ asset_url }}"/>\n\t  {% endstylesheets %}\n\t{% endblock %}\n\t\n\t{% block javascripts %}\n\t  <script src="{{ asset(\'lib/scripts/require.js\') }}"></script>\n\t  <script src="{{ asset(\'lib/scripts/jquery.min.js\') }}"></script>\n\t  <script src="{{ asset(\'lib/scripts/angular.min.js\') }}"></script>\n\t  <script src="{{ asset(\'lib/scripts/angular-route.min.js\') }}"></script>\n\t  <script src="{{ asset(\'lib/scripts/bootstrap.min.js\') }}"></script>\n\t  <script src="{{ asset(\'lib/scripts/html5shiv.min.js\') }}"></script>\n\t  {% javascripts\n\t  \'@AppBundle/Resources/public/js/*.js\' %}\n\t  <script src="{{ asset_url }}"></script>\n\t  {% endjavascripts %}\n\t{% endblock %}\n\nYou can also add stylesheeds and scripts from Symfony asset folder **/web**.\n\nGrunt task **Copy.js** will copy files from **/bower_components** folder to **/web/lib/css/** or **/web/lib/scripts/** folders. You can edit this task as you need.\n\n## Working with templates\n\nFor set data from Symfony controller to AngularJS template, you need to insert AngularJS template inside Symfony template:\n\n\t<div id="container" class="container">\n\t    {% include \'AppBundle::Page/modules/slideA.html.twig\' %}\n\t    {% include \'AppBundle::Page/modules/slideB.html.twig\' %}\n\t    <div class="row">\n\t      <div class="col-xs-12">\n\t        <div ng-view></div>\n\t      </div>\n\t    </div>\n\t  </div>\n\nAngualar template is like this:\n\n\t<script type="text/ng-template" id="modules/slideA.html">\n\t  <div class="panel panel-default">\n\t    <div class="panel-body">\n\t      <h2>{{ title }}</h2>\n\t      <h3>[[ subtitle ]]</h3>\n\t      <a class="btn btn-default" ng-click="gotoView(\'home/b\')">CHANGE SUBVIEW</a>\n\t    </div>\n\t  </div>\n\t</script>\n\nThen you can bind data fron Symfony ```{{ title }}``` or from Angular ```[[ subtitle ]]```\n\nYou can define AngularJS tag symbols on file *init.js*\n\n\t$interpolateProvider.startSymbol(\'[[\');\n\t$interpolateProvider.endSymbol(\']]\');\n\nUsage on Symfony controller:\n\n\treturn $this->render(\'AppBundle:Page:home.html.twig\', array(\n\t      \'title\' => \'Title from Symfony\'\n\t    ));\n\nUsage on Angular controller:\n\n\tapp.controller(\'homeSlideAController\', [\'$scope\', function ($scope) {\n\t  $scope.subtitle = "Subtitle SlideA from Angular";\n\t}]);\n\n### Working with AngularJS external templates\n\nFor transfer data from Symfony to external AngularJS template you need to set the data to a javascript variable on Symfony template:\n\n\t<script>var title="{{ title }}";</script>\n\nAnd read it on AngularJS template:\n\n\tapp.controller(\'introController\', [\'$scope\', function ($scope) {\n\t  $scope.title = title;\n\t  $scope.subtitle = "Text from Symfony to Angular";\n\t  $scope.text = "intro";\n\t}]);\n\nSo we can only bind AngularJS data:\n\n\t<div class="panel panel-default">\n\t\t<div class="panel-body">\n\t    <h2>[[ title ]]</h2>\n\t    <h3>[[ subtitle ]]</h3>\n\t    <p>[[ text ]]</p>\n\t\t\t<a class="btn btn-default" ng-click="gotoView(\'home/a\')">HOME</a>\n\t\t</div>\n\t</div>\n\n## Runnig and Testing\n\nYou can run a local server for development on port *http://localhost:8000/*\n\n\tgrunt serve\n\t\nRun server on production mode\n\n\tgrunt serve:prod\n\nBuild release\n\t\t\n\tgrunt build\n\n### Grunt taks\n\nYou can edit **Grunt.js** file por edit grunt task, on folder **/grunt**  as you need.\n\n# Contributing and issues\nContributors are welcome, please fork and send pull requests! If you have any ideas on how to make this project better then please submit an issue or send me an [email](mailto:mail@zguillez.io).\n\n# License\n©2016 Zguillez.io\n\nOriginal code licensed under [MIT](https://en.wikipedia.org/wiki/MIT_License) Open Source projects used within this project retain their original licenses.\n\n# Changelog\n## v2.4.0 (August 22, 2016)\nUpdate Node and Bower dependencies.\n\n## v2.2.0 (January 29, 2016)\nRemove Symfony vendors auto install.\n\nFixes:\n\n* Composer autoload error on install generator.\n\n## v2.1.0 (January 11, 2016)\nFixes:\n\n* Production enviorement deploy\n\n## v2.0.0 (January 9, 2016)\nUpdate Symfony to 3.0.1\n\n## v1.0.0 (June 9, 2015)\nInitial Symfony2 Framework skeleton with AngularJS\n\nFeatures:\n\n* implements Symfony 2\n* implements AngularJS\n\n[![Analytics](https://ga-beacon.appspot.com/UA-1125217-30/zguillez/generator-symfonangular?pixel)](https://github.com/igrigorik/ga-beacon)\n',
25 silly publish   readmeFilename: 'README.md',
25 silly publish   gitHead: '0f02871961be08ed4c93be90285efe78d90215f9',
25 silly publish   _id: 'generator-symfonangular@2.4.1',
25 silly publish   _shasum: '3b918a8058a9d227f4e0762256f83ecd23b6026d',
25 silly publish   _from: '.' }
26 verbose getPublishConfig undefined
27 silly mapToRegistry name generator-symfonangular
28 silly mapToRegistry using default registry
29 silly mapToRegistry registry https://registry.npmjs.org/
30 silly mapToRegistry data Result {
30 silly mapToRegistry   raw: 'generator-symfonangular',
30 silly mapToRegistry   scope: null,
30 silly mapToRegistry   escapedName: 'generator-symfonangular',
30 silly mapToRegistry   name: 'generator-symfonangular',
30 silly mapToRegistry   rawSpec: '',
30 silly mapToRegistry   spec: 'latest',
30 silly mapToRegistry   type: 'tag' }
31 silly mapToRegistry uri https://registry.npmjs.org/generator-symfonangular
32 verbose publish registryBase https://registry.npmjs.org/
33 silly publish uploading /Users/zguillez/.npm/generator-symfonangular/2.4.1/package.tgz
34 verbose request uri https://registry.npmjs.org/generator-symfonangular
35 verbose request sending authorization for write operation
36 info attempt registry request try #1 at 13:54:46
37 verbose request using bearer token for auth
38 verbose request id 98c6490f64c04aee
39 http request PUT https://registry.npmjs.org/generator-symfonangular
40 http 403 https://registry.npmjs.org/generator-symfonangular
41 verbose headers { 'content-type': 'application/json',
41 verbose headers   'cache-control': 'max-age=300',
41 verbose headers   'content-length': '95',
41 verbose headers   'accept-ranges': 'bytes',
41 verbose headers   date: 'Mon, 22 Aug 2016 11:54:49 GMT',
41 verbose headers   via: '1.1 varnish',
41 verbose headers   connection: 'keep-alive',
41 verbose headers   'x-served-by': 'cache-fra1239-FRA',
41 verbose headers   'x-cache': 'MISS',
41 verbose headers   'x-cache-hits': '0',
41 verbose headers   'x-timer': 'S1471866887.059401,VS0,VE2726',
41 verbose headers   vary: 'Accept-Encoding' }
42 verbose request invalidating /Users/zguillez/.npm/registry.npmjs.org/generator-symfonangular on PUT
43 error publish Failed PUT 403
44 verbose stack Error: "You cannot publish over the previously published version 2.4.1." : generator-symfonangular
44 verbose stack     at makeError (/usr/local/lib/node_modules/npm/node_modules/npm-registry-client/lib/request.js:264:12)
44 verbose stack     at CachingRegistryClient.<anonymous> (/usr/local/lib/node_modules/npm/node_modules/npm-registry-client/lib/request.js:252:14)
44 verbose stack     at Request._callback (/usr/local/lib/node_modules/npm/node_modules/npm-registry-client/lib/request.js:172:14)
44 verbose stack     at Request.self.callback (/usr/local/lib/node_modules/npm/node_modules/request/request.js:200:22)
44 verbose stack     at emitTwo (events.js:100:13)
44 verbose stack     at Request.emit (events.js:185:7)
44 verbose stack     at Request.<anonymous> (/usr/local/lib/node_modules/npm/node_modules/request/request.js:1067:10)
44 verbose stack     at emitOne (events.js:95:20)
44 verbose stack     at Request.emit (events.js:182:7)
44 verbose stack     at IncomingMessage.<anonymous> (/usr/local/lib/node_modules/npm/node_modules/request/request.js:988:12)
45 verbose statusCode 403
46 verbose pkgid generator-symfonangular
47 verbose cwd /Users/zguillez/Documents/SVN/YEOMAN/generator-symfonangular
48 error Darwin 14.5.0
49 error argv "/usr/local/Cellar/node/0.10.29/bin/node" "/usr/local/bin/npm" "publish"
50 error node v5.8.0
51 error npm  v3.10.6
52 error code E403
53 error "You cannot publish over the previously published version 2.4.1." : generator-symfonangular
54 error If you need help, you may report this error at:
54 error     <https://github.com/npm/npm/issues>
55 verbose exit [ 1, true ]
